# JRE version: OpenJDK Runtime Environment (8.0_242-b01) (build 1.8.0_242-release-1644-b01)
# Java VM: OpenJDK 64-Bit Server VM (25.242-b01 mixed mode windows-amd64 compressed oops)
Heap:
 PSYoungGen      total 125440K, used 118470K [0x00000000f5580000, 0x0000000100000000, 0x0000000100000000)
  eden space 86528K, 98% used [0x00000000f5580000,0x00000000fa8a8be0,0x00000000faa00000)
  from space 38912K, 85% used [0x00000000fd800000,0x00000000ff888e68,0x00000000ffe00000)
  to   space 44032K, 0% used [0x00000000faa00000,0x00000000faa00000,0x00000000fd500000)
 ParOldGen       total 349696K, used 309090K [0x00000000e0000000, 0x00000000f5580000, 0x00000000f5580000)
  object space 349696K, 88% used [0x00000000e0000000,0x00000000f2dd8958,0x00000000f5580000)
 Metaspace       used 119536K, capacity 127007K, committed 129368K, reserved 1163264K
  class space    used 14674K, capacity 15970K, committed 16512K, reserved 1048576K
GC Heap History (10 events):
Event: 8988.559 GC heap before
{Heap before GC invocations=1006 (full 36):
 PSYoungGen      total 127488K, used 85232K [0x00000000f5580000, 0x00000000ffe00000, 0x0000000100000000)
  eden space 81920K, 100% used [0x00000000f5580000,0x00000000fa580000,0x00000000fa580000)
  from space 45568K, 7% used [0x00000000fa580000,0x00000000fa8bc010,0x00000000fd200000)
  to   space 44544K, 0% used [0x00000000fd280000,0x00000000fd280000,0x00000000ffe00000)
 ParOldGen       total 349696K, used 302897K [0x00000000e0000000, 0x00000000f5580000, 0x00000000f5580000)
  object space 349696K, 86% used [0x00000000e0000000,0x00000000f27cc560,0x00000000f5580000)
 Metaspace       used 119511K, capacity 126983K, committed 129368K, reserved 1163264K
  class space    used 14672K, capacity 15966K, committed 16512K, reserved 1048576K
Event: 8988.569 GC heap after
Heap after GC invocations=1006 (full 36):
 PSYoungGen      total 128000K, used 3688K [0x00000000f5580000, 0x00000000ffd00000, 0x0000000100000000)
  eden space 84480K, 0% used [0x00000000f5580000,0x00000000f5580000,0x00000000fa800000)
  from space 43520K, 8% used [0x00000000fd280000,0x00000000fd61a230,0x00000000ffd00000)
  to   space 43520K, 0% used [0x00000000fa800000,0x00000000fa800000,0x00000000fd280000)
 ParOldGen       total 349696K, used 305798K [0x00000000e0000000, 0x00000000f5580000, 0x00000000f5580000)
  object space 349696K, 87% used [0x00000000e0000000,0x00000000f2aa18a8,0x00000000f5580000)
 Metaspace       used 119511K, capacity 126983K, committed 129368K, reserved 1163264K
  class space    used 14672K, capacity 15966K, committed 16512K, reserved 1048576K
}
Event: 8992.098 GC heap before
{Heap before GC invocations=1007 (full 36):
 PSYoungGen      total 128000K, used 88168K [0x00000000f5580000, 0x00000000ffd00000, 0x0000000100000000)
  eden space 84480K, 100% used [0x00000000f5580000,0x00000000fa800000,0x00000000fa800000)
  from space 43520K, 8% used [0x00000000fd280000,0x00000000fd61a230,0x00000000ffd00000)
  to   space 43520K, 0% used [0x00000000fa800000,0x00000000fa800000,0x00000000fd280000)
 ParOldGen       total 349696K, used 305798K [0x00000000e0000000, 0x00000000f5580000, 0x00000000f5580000)
  object space 349696K, 87% used [0x00000000e0000000,0x00000000f2aa18a8,0x00000000f5580000)
 Metaspace       used 119513K, capacity 126983K, committed 129368K, reserved 1163264K
  class space    used 14672K, capacity 15966K, committed 16512K, reserved 1048576K
Event: 8992.114 GC heap after
Heap after GC invocations=1007 (full 36):
 PSYoungGen      total 128000K, used 6155K [0x00000000f5580000, 0x00000000ffd00000, 0x0000000100000000)
  eden space 84480K, 0% used [0x00000000f5580000,0x00000000f5580000,0x00000000fa800000)
  from space 43520K, 14% used [0x00000000fa800000,0x00000000fae02df8,0x00000000fd280000)
  to   space 41984K, 0% used [0x00000000fd400000,0x00000000fd400000,0x00000000ffd00000)
 ParOldGen       total 349696K, used 309090K [0x00000000e0000000, 0x00000000f5580000, 0x00000000f5580000)
  object space 349696K, 88% used [0x00000000e0000000,0x00000000f2dd8958,0x00000000f5580000)
 Metaspace       used 119513K, capacity 126983K, committed 129368K, reserved 1163264K
  class space    used 14672K, capacity 15966K, committed 16512K, reserved 1048576K
}
Event: 8996.139 GC heap before
{Heap before GC invocations=1008 (full 36):
 PSYoungGen      total 128000K, used 90635K [0x00000000f5580000, 0x00000000ffd00000, 0x0000000100000000)
  eden space 84480K, 100% used [0x00000000f5580000,0x00000000fa800000,0x00000000fa800000)
  from space 43520K, 14% used [0x00000000fa800000,0x00000000fae02df8,0x00000000fd280000)
  to   space 41984K, 0% used [0x00000000fd400000,0x00000000fd400000,0x00000000ffd00000)
 ParOldGen       total 349696K, used 309090K [0x00000000e0000000, 0x00000000f5580000, 0x00000000f5580000)
  object space 349696K, 88% used [0x00000000e0000000,0x00000000f2dd8958,0x00000000f5580000)
 Metaspace       used 119530K, capacity 127007K, committed 129368K, reserved 1163264K
  class space    used 14674K, capacity 15970K, committed 16512K, reserved 1048576K
Event: 8996.151 GC heap after
Heap after GC invocations=1008 (full 36):
 PSYoungGen      total 128512K, used 7121K [0x00000000f5580000, 0x00000000ffa80000, 0x0000000100000000)
  eden space 89088K, 0% used [0x00000000f5580000,0x00000000f5580000,0x00000000fac80000)
  from space 39424K, 18% used [0x00000000fd400000,0x00000000fdaf4748,0x00000000ffa80000)
  to   space 39936K, 0% used [0x00000000fac80000,0x00000000fac80000,0x00000000fd380000)
 ParOldGen       total 349696K, used 309090K [0x00000000e0000000, 0x00000000f5580000, 0x00000000f5580000)
  object space 349696K, 88% used [0x00000000e0000000,0x00000000f2dd8958,0x00000000f5580000)
 Metaspace       used 119530K, capacity 127007K, committed 129368K, reserved 1163264K
  class space    used 14674K, capacity 15970K, committed 16512K, reserved 1048576K
}
Event: 9020.090 GC heap before
{Heap before GC invocations=1009 (full 36):
 PSYoungGen      total 128512K, used 96203K [0x00000000f5580000, 0x00000000ffa80000, 0x0000000100000000)
  eden space 89088K, 99% used [0x00000000f5580000,0x00000000fac7e838,0x00000000fac80000)
  from space 39424K, 18% used [0x00000000fd400000,0x00000000fdaf4748,0x00000000ffa80000)
  to   space 39936K, 0% used [0x00000000fac80000,0x00000000fac80000,0x00000000fd380000)
 ParOldGen       total 349696K, used 309090K [0x00000000e0000000, 0x00000000f5580000, 0x00000000f5580000)
  object space 349696K, 88% used [0x00000000e0000000,0x00000000f2dd8958,0x00000000f5580000)
 Metaspace       used 119531K, capacity 127007K, committed 129368K, reserved 1163264K
  class space    used 14674K, capacity 15970K, committed 16512K, reserved 1048576K
Event: 9020.114 GC heap after
Heap after GC invocations=1009 (full 36):
 PSYoungGen      total 129024K, used 16615K [0x00000000f5580000, 0x00000000ffe00000, 0x0000000100000000)
  eden space 89088K, 0% used [0x00000000f5580000,0x00000000f5580000,0x00000000fac80000)
  from space 39936K, 41% used [0x00000000fac80000,0x00000000fbcb9c80,0x00000000fd380000)
  to   space 38912K, 0% used [0x00000000fd800000,0x00000000fd800000,0x00000000ffe00000)
 ParOldGen       total 349696K, used 309090K [0x00000000e0000000, 0x00000000f5580000, 0x00000000f5580000)
  object space 349696K, 88% used [0x00000000e0000000,0x00000000f2dd8958,0x00000000f5580000)
 Metaspace       used 119531K, capacity 127007K, committed 129368K, reserved 1163264K
  class space    used 14674K, capacity 15970K, committed 16512K, reserved 1048576K
}
Event: 9020.233 GC heap before
{Heap before GC invocations=1010 (full 36):
 PSYoungGen      total 129024K, used 105703K [0x00000000f5580000, 0x00000000ffe00000, 0x0000000100000000)
  eden space 89088K, 100% used [0x00000000f5580000,0x00000000fac80000,0x00000000fac80000)
  from space 39936K, 41% used [0x00000000fac80000,0x00000000fbcb9c80,0x00000000fd380000)
  to   space 38912K, 0% used [0x00000000fd800000,0x00000000fd800000,0x00000000ffe00000)
 ParOldGen       total 349696K, used 309090K [0x00000000e0000000, 0x00000000f5580000, 0x00000000f5580000)
  object space 349696K, 88% used [0x00000000e0000000,0x00000000f2dd8958,0x00000000f5580000)
 Metaspace       used 119534K, capacity 127007K, committed 129368K, reserved 1163264K
  class space    used 14674K, capacity 15970K, committed 16512K, reserved 1048576K
Event: 9020.275 GC heap after
Heap after GC invocations=1010 (full 36):
 PSYoungGen      total 125440K, used 33315K [0x00000000f5580000, 0x0000000100000000, 0x0000000100000000)
  eden space 86528K, 0% used [0x00000000f5580000,0x00000000f5580000,0x00000000faa00000)
  from space 38912K, 85% used [0x00000000fd800000,0x00000000ff888e68,0x00000000ffe00000)
  to   space 44032K, 0% used [0x00000000faa00000,0x00000000faa00000,0x00000000fd500000)
 ParOldGen       total 349696K, used 309090K [0x00000000e0000000, 0x00000000f5580000, 0x00000000f5580000)
  object space 349696K, 88% used [0x00000000e0000000,0x00000000f2dd8958,0x00000000f5580000)
 Metaspace       used 119534K, capacity 127007K, committed 129368K, reserved 1163264K
  class space    used 14674K, capacity 15970K, committed 16512K, reserved 1048576K
}

